<?xml version="1.0" encoding="UTF-8"?>
<!-- Generated by org.testng.reporters.JUnitXMLReporter -->
<testsuite hostname="kathala" ignored="0" name="Default test(failed)(failed)" tests="1" failures="1" timestamp="26 Jun 2017 20:56:17 GMT" time="0.031" errors="0">
  <testcase name="LaunchApp" time="0.0" classname="testngPackage.CrossBrowserTesting">
    <failure type="org.testng.TestNGException" message="
Parameter &amp;apos;browser&amp;apos; is required by @Test on method LaunchApp but has not been marked @Optional or defined
in C:\SeleniumWorkspace\Practice\test-output\testng-failed.xml">
      <![CDATA[org.testng.TestNGException: 
Parameter 'browser' is required by @Test on method LaunchApp but has not been marked @Optional or defined
in C:\SeleniumWorkspace\Practice\test-output\testng-failed.xml
... Removed 23 stack frames]]>
    </failure>
  </testcase> <!-- LaunchApp -->
</testsuite> <!-- Default test(failed)(failed) -->
